# JRE version: OpenJDK Runtime Environment Microsoft-10376486 (17.0.13+11) (build 17.0.13+11-LTS)
# Java VM: OpenJDK 64-Bit Server VM Microsoft-10376486 (17.0.13+11-LTS, mixed mode, sharing, tiered, compressed oops, compressed class ptrs, g1 gc, windows-amd64)
GC Precious Log:
 CPUs: 4 total, 4 available
 Memory: 8057M
 Large Page Support: Disabled
 NUMA Support: Disabled
 Compressed Oops: Enabled (32-bit)
 Heap Region Size: 1M
 Heap Min Capacity: 8M
 Heap Initial Capacity: 126M
 Heap Max Capacity: 2G
 Pre-touch: Disabled
 Parallel Workers: 4
 Concurrent Workers: 1
 Concurrent Refinement Workers: 4
 Periodic GC: Disabled
Heap:
 garbage-first heap   total 500736K, used 282624K [0x0000000080000000, 0x0000000100000000)
  region size 1024K, 109 young (111616K), 13 survivors (13312K)
 Metaspace       used 161140K, committed 162368K, reserved 622592K
  class space    used 20206K, committed 20800K, reserved 425984K
GC Heap History (20 events):
Event: 134.181 GC heap before
{Heap before GC invocations=101 (full 0):
 garbage-first heap   total 500736K, used 444750K [0x0000000080000000, 0x0000000100000000)
  region size 1024K, 289 young (295936K), 3 survivors (3072K)
 Metaspace       used 136989K, committed 137856K, reserved 557056K
  class space    used 17378K, committed 17792K, reserved 425984K
}
Event: 134.186 GC heap after
{Heap after GC invocations=102 (full 0):
 garbage-first heap   total 500736K, used 150027K [0x0000000080000000, 0x0000000100000000)
  region size 1024K, 3 young (3072K), 3 survivors (3072K)
 Metaspace       used 136989K, committed 137856K, reserved 557056K
  class space    used 17378K, committed 17792K, reserved 425984K
}
Event: 135.965 GC heap before
{Heap before GC invocations=102 (full 0):
 garbage-first heap   total 500736K, used 442891K [0x0000000080000000, 0x0000000100000000)
  region size 1024K, 289 young (295936K), 3 survivors (3072K)
 Metaspace       used 136991K, committed 137856K, reserved 557056K
  class space    used 17378K, committed 17792K, reserved 425984K
}
Event: 135.970 GC heap after
{Heap after GC invocations=103 (full 0):
 garbage-first heap   total 500736K, used 150623K [0x0000000080000000, 0x0000000100000000)
  region size 1024K, 4 young (4096K), 4 survivors (4096K)
 Metaspace       used 136991K, committed 137856K, reserved 557056K
  class space    used 17378K, committed 17792K, reserved 425984K
}
Event: 137.260 GC heap before
{Heap before GC invocations=103 (full 0):
 garbage-first heap   total 500736K, used 442463K [0x0000000080000000, 0x0000000100000000)
  region size 1024K, 290 young (296960K), 4 survivors (4096K)
 Metaspace       used 136991K, committed 137856K, reserved 557056K
  class space    used 17378K, committed 17792K, reserved 425984K
}
Event: 137.265 GC heap after
{Heap after GC invocations=104 (full 0):
 garbage-first heap   total 500736K, used 151610K [0x0000000080000000, 0x0000000100000000)
  region size 1024K, 5 young (5120K), 5 survivors (5120K)
 Metaspace       used 136991K, committed 137856K, reserved 557056K
  class space    used 17378K, committed 17792K, reserved 425984K
}
Event: 138.788 GC heap before
{Heap before GC invocations=104 (full 0):
 garbage-first heap   total 500736K, used 446522K [0x0000000080000000, 0x0000000100000000)
  region size 1024K, 290 young (296960K), 5 survivors (5120K)
 Metaspace       used 136991K, committed 137856K, reserved 557056K
  class space    used 17378K, committed 17792K, reserved 425984K
}
Event: 138.793 GC heap after
{Heap after GC invocations=105 (full 0):
 garbage-first heap   total 500736K, used 150869K [0x0000000080000000, 0x0000000100000000)
  region size 1024K, 4 young (4096K), 4 survivors (4096K)
 Metaspace       used 136991K, committed 137856K, reserved 557056K
  class space    used 17378K, committed 17792K, reserved 425984K
}
Event: 140.678 GC heap before
{Heap before GC invocations=105 (full 0):
 garbage-first heap   total 500736K, used 443733K [0x0000000080000000, 0x0000000100000000)
  region size 1024K, 290 young (296960K), 4 survivors (4096K)
 Metaspace       used 136991K, committed 137856K, reserved 557056K
  class space    used 17378K, committed 17792K, reserved 425984K
}
Event: 140.683 GC heap after
{Heap after GC invocations=106 (full 0):
 garbage-first heap   total 500736K, used 146122K [0x0000000080000000, 0x0000000100000000)
  region size 1024K, 2 young (2048K), 2 survivors (2048K)
 Metaspace       used 136991K, committed 137856K, reserved 557056K
  class space    used 17378K, committed 17792K, reserved 425984K
}
Event: 145.278 GC heap before
{Heap before GC invocations=106 (full 0):
 garbage-first heap   total 500736K, used 462538K [0x0000000080000000, 0x0000000100000000)
  region size 1024K, 293 young (300032K), 2 survivors (2048K)
 Metaspace       used 142482K, committed 143360K, reserved 557056K
  class space    used 18029K, committed 18432K, reserved 425984K
}
Event: 145.303 GC heap after
{Heap after GC invocations=107 (full 0):
 garbage-first heap   total 500736K, used 163503K [0x0000000080000000, 0x0000000100000000)
  region size 1024K, 12 young (12288K), 12 survivors (12288K)
 Metaspace       used 142482K, committed 143360K, reserved 557056K
  class space    used 18029K, committed 18432K, reserved 425984K
}
Event: 151.109 GC heap before
{Heap before GC invocations=107 (full 0):
 garbage-first heap   total 500736K, used 436911K [0x0000000080000000, 0x0000000100000000)
  region size 1024K, 276 young (282624K), 12 survivors (12288K)
 Metaspace       used 150593K, committed 151488K, reserved 622592K
  class space    used 19089K, committed 19520K, reserved 425984K
}
Event: 151.157 GC heap after
{Heap after GC invocations=108 (full 0):
 garbage-first heap   total 500736K, used 188534K [0x0000000080000000, 0x0000000100000000)
  region size 1024K, 33 young (33792K), 33 survivors (33792K)
 Metaspace       used 150593K, committed 151488K, reserved 622592K
  class space    used 19089K, committed 19520K, reserved 425984K
}
Event: 154.572 GC heap before
{Heap before GC invocations=108 (full 0):
 garbage-first heap   total 500736K, used 417910K [0x0000000080000000, 0x0000000100000000)
  region size 1024K, 255 young (261120K), 33 survivors (33792K)
 Metaspace       used 154012K, committed 155136K, reserved 622592K
  class space    used 19414K, committed 19968K, reserved 425984K
}
Event: 154.626 GC heap after
{Heap after GC invocations=109 (full 0):
 garbage-first heap   total 500736K, used 187532K [0x0000000080000000, 0x0000000100000000)
  region size 1024K, 17 young (17408K), 17 survivors (17408K)
 Metaspace       used 154012K, committed 155136K, reserved 622592K
  class space    used 19414K, committed 19968K, reserved 425984K
}
Event: 158.564 GC heap before
{Heap before GC invocations=109 (full 0):
 garbage-first heap   total 500736K, used 416908K [0x0000000080000000, 0x0000000100000000)
  region size 1024K, 239 young (244736K), 17 survivors (17408K)
 Metaspace       used 155157K, committed 156288K, reserved 622592K
  class space    used 19456K, committed 20032K, reserved 425984K
}
Event: 158.581 GC heap after
{Heap after GC invocations=110 (full 0):
 garbage-first heap   total 500736K, used 183296K [0x0000000080000000, 0x0000000100000000)
  region size 1024K, 11 young (11264K), 11 survivors (11264K)
 Metaspace       used 155157K, committed 156288K, reserved 622592K
  class space    used 19456K, committed 20032K, reserved 425984K
}
Event: 162.925 GC heap before
{Heap before GC invocations=110 (full 0):
 garbage-first heap   total 500736K, used 417792K [0x0000000080000000, 0x0000000100000000)
  region size 1024K, 238 young (243712K), 11 survivors (11264K)
 Metaspace       used 156122K, committed 157248K, reserved 622592K
  class space    used 19469K, committed 20032K, reserved 425984K
}
Event: 162.945 GC heap after
{Heap after GC invocations=111 (full 0):
 garbage-first heap   total 500736K, used 185344K [0x0000000080000000, 0x0000000100000000)
  region size 1024K, 13 young (13312K), 13 survivors (13312K)
 Metaspace       used 156122K, committed 157248K, reserved 622592K
  class space    used 19469K, committed 20032K, reserved 425984K
}

