# JRE version: OpenJDK Runtime Environment Microsoft-10376486 (17.0.13+11) (build 17.0.13+11-LTS)
# Java VM: OpenJDK 64-Bit Server VM Microsoft-10376486 (17.0.13+11-LTS, mixed mode, sharing, tiered, compressed oops, compressed class ptrs, g1 gc, windows-amd64)
GC Precious Log:
 CPUs: 4 total, 4 available
 Memory: 8057M
 Large Page Support: Disabled
 NUMA Support: Disabled
 Compressed Oops: Enabled (Zero based)
 Heap Region Size: 2M
 Heap Min Capacity: 8M
 Heap Initial Capacity: 126M
 Heap Max Capacity: 4G
 Pre-touch: Disabled
 Parallel Workers: 4
 Concurrent Workers: 1
 Concurrent Refinement Workers: 4
 Periodic GC: Disabled
Heap:
 garbage-first heap   total 133120K, used 82139K [0x0000000700000000, 0x0000000800000000)
  region size 2048K, 7 young (14336K), 2 survivors (4096K)
 Metaspace       used 68785K, committed 69568K, reserved 491520K
  class space    used 9743K, committed 10112K, reserved 425984K
GC Heap History (20 events):
Event: 31.474 GC heap before
{Heap before GC invocations=19 (full 0):
 garbage-first heap   total 96256K, used 56755K [0x0000000700000000, 0x0000000800000000)
  region size 2048K, 4 young (8192K), 2 survivors (4096K)
 Metaspace       used 53758K, committed 54400K, reserved 491520K
  class space    used 7543K, committed 7808K, reserved 425984K
}
Event: 31.484 GC heap after
{Heap after GC invocations=20 (full 0):
 garbage-first heap   total 96256K, used 56358K [0x0000000700000000, 0x0000000800000000)
  region size 2048K, 1 young (2048K), 1 survivors (2048K)
 Metaspace       used 53758K, committed 54400K, reserved 491520K
  class space    used 7543K, committed 7808K, reserved 425984K
}
Event: 32.213 GC heap before
{Heap before GC invocations=21 (full 0):
 garbage-first heap   total 102400K, used 72742K [0x0000000700000000, 0x0000000800000000)
  region size 2048K, 8 young (16384K), 1 survivors (2048K)
 Metaspace       used 54676K, committed 55360K, reserved 491520K
  class space    used 7681K, committed 8000K, reserved 425984K
}
Event: 32.216 GC heap after
{Heap after GC invocations=22 (full 0):
 garbage-first heap   total 122880K, used 59198K [0x0000000700000000, 0x0000000800000000)
  region size 2048K, 1 young (2048K), 1 survivors (2048K)
 Metaspace       used 54676K, committed 55360K, reserved 491520K
  class space    used 7681K, committed 8000K, reserved 425984K
}
Event: 33.343 GC heap before
{Heap before GC invocations=22 (full 0):
 garbage-first heap   total 122880K, used 87870K [0x0000000700000000, 0x0000000800000000)
  region size 2048K, 15 young (30720K), 1 survivors (2048K)
 Metaspace       used 57464K, committed 58112K, reserved 491520K
  class space    used 8075K, committed 8384K, reserved 425984K
}
Event: 33.348 GC heap after
{Heap after GC invocations=23 (full 0):
 garbage-first heap   total 122880K, used 60183K [0x0000000700000000, 0x0000000800000000)
  region size 2048K, 1 young (2048K), 1 survivors (2048K)
 Metaspace       used 57464K, committed 58112K, reserved 491520K
  class space    used 8075K, committed 8384K, reserved 425984K
}
Event: 34.440 GC heap before
{Heap before GC invocations=24 (full 0):
 garbage-first heap   total 122880K, used 90903K [0x0000000700000000, 0x0000000800000000)
  region size 2048K, 16 young (32768K), 1 survivors (2048K)
 Metaspace       used 59872K, committed 60480K, reserved 491520K
  class space    used 8424K, committed 8704K, reserved 425984K
}
Event: 34.446 GC heap after
{Heap after GC invocations=25 (full 0):
 garbage-first heap   total 122880K, used 61308K [0x0000000700000000, 0x0000000800000000)
  region size 2048K, 2 young (4096K), 2 survivors (4096K)
 Metaspace       used 59872K, committed 60480K, reserved 491520K
  class space    used 8424K, committed 8704K, reserved 425984K
}
Event: 35.309 GC heap before
{Heap before GC invocations=25 (full 0):
 garbage-first heap   total 122880K, used 85884K [0x0000000700000000, 0x0000000800000000)
  region size 2048K, 15 young (30720K), 2 survivors (4096K)
 Metaspace       used 61762K, committed 62336K, reserved 491520K
  class space    used 8752K, committed 9024K, reserved 425984K
}
Event: 35.317 GC heap after
{Heap after GC invocations=26 (full 0):
 garbage-first heap   total 122880K, used 62225K [0x0000000700000000, 0x0000000800000000)
  region size 2048K, 2 young (4096K), 2 survivors (4096K)
 Metaspace       used 61762K, committed 62336K, reserved 491520K
  class space    used 8752K, committed 9024K, reserved 425984K
}
Event: 36.482 GC heap before
{Heap before GC invocations=27 (full 0):
 garbage-first heap   total 122880K, used 99089K [0x0000000700000000, 0x0000000800000000)
  region size 2048K, 18 young (36864K), 2 survivors (4096K)
 Metaspace       used 63388K, committed 64064K, reserved 491520K
  class space    used 9005K, committed 9280K, reserved 425984K
}
Event: 36.494 GC heap after
{Heap after GC invocations=28 (full 0):
 garbage-first heap   total 122880K, used 67809K [0x0000000700000000, 0x0000000800000000)
  region size 2048K, 3 young (6144K), 3 survivors (6144K)
 Metaspace       used 63388K, committed 64064K, reserved 491520K
  class space    used 9005K, committed 9280K, reserved 425984K
}
Event: 37.835 GC heap before
{Heap before GC invocations=28 (full 0):
 garbage-first heap   total 122880K, used 98529K [0x0000000700000000, 0x0000000800000000)
  region size 2048K, 18 young (36864K), 3 survivors (6144K)
 Metaspace       used 64733K, committed 65408K, reserved 491520K
  class space    used 9175K, committed 9472K, reserved 425984K
}
Event: 37.849 GC heap after
{Heap after GC invocations=29 (full 0):
 garbage-first heap   total 122880K, used 71081K [0x0000000700000000, 0x0000000800000000)
  region size 2048K, 3 young (6144K), 3 survivors (6144K)
 Metaspace       used 64733K, committed 65408K, reserved 491520K
  class space    used 9175K, committed 9472K, reserved 425984K
}
Event: 39.827 GC heap before
{Heap before GC invocations=30 (full 0):
 garbage-first heap   total 122880K, used 99753K [0x0000000700000000, 0x0000000800000000)
  region size 2048K, 17 young (34816K), 3 survivors (6144K)
 Metaspace       used 66140K, committed 67008K, reserved 491520K
  class space    used 9373K, committed 9792K, reserved 425984K
}
Event: 39.844 GC heap after
{Heap after GC invocations=31 (full 0):
 garbage-first heap   total 122880K, used 73898K [0x0000000700000000, 0x0000000800000000)
  region size 2048K, 3 young (6144K), 3 survivors (6144K)
 Metaspace       used 66140K, committed 67008K, reserved 491520K
  class space    used 9373K, committed 9792K, reserved 425984K
}
Event: 39.913 GC heap before
{Heap before GC invocations=31 (full 0):
 garbage-first heap   total 122880K, used 75946K [0x0000000700000000, 0x0000000800000000)
  region size 2048K, 4 young (8192K), 3 survivors (6144K)
 Metaspace       used 66334K, committed 67136K, reserved 491520K
  class space    used 9407K, committed 9792K, reserved 425984K
}
Event: 39.922 GC heap after
{Heap after GC invocations=32 (full 0):
 garbage-first heap   total 122880K, used 72661K [0x0000000700000000, 0x0000000800000000)
  region size 2048K, 1 young (2048K), 1 survivors (2048K)
 Metaspace       used 66334K, committed 67136K, reserved 491520K
  class space    used 9407K, committed 9792K, reserved 425984K
}
Event: 41.064 GC heap before
{Heap before GC invocations=32 (full 0):
 garbage-first heap   total 122880K, used 97237K [0x0000000700000000, 0x0000000800000000)
  region size 2048K, 13 young (26624K), 1 survivors (2048K)
 Metaspace       used 67865K, committed 68608K, reserved 491520K
  class space    used 9619K, committed 9984K, reserved 425984K
}
Event: 41.072 GC heap after
{Heap after GC invocations=33 (full 0):
 garbage-first heap   total 122880K, used 73947K [0x0000000700000000, 0x0000000800000000)
  region size 2048K, 2 young (4096K), 2 survivors (4096K)
 Metaspace       used 67865K, committed 68608K, reserved 491520K
  class space    used 9619K, committed 9984K, reserved 425984K
}

